- PublishError: 6a277590-890f-44a9-8f84-e03028746e27 nodejs-tea npm:

[message] Command failed: npm publish --access=public
npm notice 
npm notice 📦  @alicloud/shixuanroa20190912-test@6.0.1
npm notice === Tarball Contents === 
npm notice 775B  package.json      
npm notice 1.9kB dist/client.d.ts  
npm notice 3.9kB dist/client.js    
npm notice 2.7kB dist/client.js.map
npm notice 3.5kB src/client.ts     
npm notice === Tarball Details === 
npm notice name:          @alicloud/shixuanroa20190912-test       
npm notice version:       6.0.1                                   
npm notice package size:  2.9 kB                                  
npm notice unpacked size: 12.8 kB                                 
npm notice shasum:        5ed2663d4795e97a2e19c2b1375001547d5c6b32
npm notice integrity:     sha512-bRhCQEcIklPOV[...]GwZ0AcRWFtDLQ==
npm notice total files:   5                                       
npm notice 
npm ERR! publish Failed PUT 403
npm ERR! code E403
npm ERR! You cannot publish over the previously published versions: 6.0.1. : @alicloud/shixuanroa20190912-test

npm ERR! A complete log of this run can be found in:
npm ERR!     /home/admin/.npm/_logs/2020-07-10T07_15_27_474Z-debug.log


[stdout] 
> @alicloud/shixuanroa20190912-test@6.0.1 prepublishOnly .
> tsc



[stderr] npm notice 
npm notice 📦  @alicloud/shixuanroa20190912-test@6.0.1
npm notice === Tarball Contents === 
npm notice 775B  package.json      
npm notice 1.9kB dist/client.d.ts  
npm notice 3.9kB dist/client.js    
npm notice 2.7kB dist/client.js.map
npm notice 3.5kB src/client.ts     
npm notice === Tarball Details === 
npm notice name:          @alicloud/shixuanroa20190912-test       
npm notice version:       6.0.1                                   
npm notice package size:  2.9 kB                                  
npm notice unpacked size: 12.8 kB                                 
npm notice shasum:        5ed2663d4795e97a2e19c2b1375001547d5c6b32
npm notice integrity:     sha512-bRhCQEcIklPOV[...]GwZ0AcRWFtDLQ==
npm notice total files:   5                                       
npm notice 
npm ERR! publish Failed PUT 403
npm ERR! code E403
npm ERR! You cannot publish over the previously published versions: 6.0.1. : @alicloud/shixuanroa20190912-test

npm ERR! A complete log of this run can be found in:
npm ERR!     /home/admin/.npm/_logs/2020-07-10T07_15_27_474Z-debug.log


-----------------

